2024-11-26 10:30:02.968 INFO  [restartedMain] o.s.d.r.c.RepositoryConfigurationDelegate - Bootstrapping Spring Data JPA repositories in DEFAULT mode.
2024-11-26 10:30:02.981 INFO  [restartedMain] o.s.d.r.c.RepositoryConfigurationDelegate - Finished Spring Data repository scanning in 11 ms. Found 1 JPA repository interface.
2024-11-26 10:30:03.041 INFO  [restartedMain] o.s.b.w.e.t.TomcatWebServer - Tomcat initialized with port 8080 (http)
2024-11-26 10:30:03.042 INFO  [restartedMain] o.a.c.h.Http11NioProtocol - Initializing ProtocolHandler ["http-nio-8080"]
2024-11-26 10:30:03.042 INFO  [restartedMain] o.a.c.c.StandardService - Starting service [Tomcat]
2024-11-26 10:30:03.043 INFO  [restartedMain] o.a.c.c.StandardEngine - Starting Servlet engine: [Apache Tomcat/10.1.30]
2024-11-26 10:30:03.053 INFO  [restartedMain] o.a.c.c.C.[.[.[/] - Initializing Spring embedded WebApplicationContext
2024-11-26 10:30:03.053 INFO  [restartedMain] o.s.b.w.s.c.ServletWebServerApplicationContext - Root WebApplicationContext: initialization completed in 189 ms
2024-11-26 10:30:03.079 INFO  [restartedMain] o.h.j.i.u.LogHelper - HHH000204: Processing PersistenceUnitInfo [name: default]
2024-11-26 10:30:03.080 INFO  [restartedMain] o.h.c.i.RegionFactoryInitiator - HHH000026: Second-level cache disabled
2024-11-26 10:30:03.085 INFO  [restartedMain] o.s.o.j.p.SpringPersistenceUnitInfo - No LoadTimeWeaver setup: ignoring JPA class transformer
2024-11-26 10:30:03.086 INFO  [restartedMain] c.z.h.HikariDataSource - HikariPool-13 - Starting...
2024-11-26 10:30:03.127 INFO  [restartedMain] c.z.h.p.HikariPool - HikariPool-13 - Added connection org.postgresql.jdbc.PgConnection@1ee1c84a
2024-11-26 10:30:03.127 INFO  [restartedMain] c.z.h.HikariDataSource - HikariPool-13 - Start completed.
2024-11-26 10:30:03.165 INFO  [restartedMain] o.h.e.t.j.p.i.JtaPlatformInitiator - HHH000489: No JTA platform available (set 'hibernate.transaction.jta.platform' to enable JTA platform integration)
2024-11-26 10:30:03.205 INFO  [restartedMain] o.s.o.j.LocalContainerEntityManagerFactoryBean - Initialized JPA EntityManagerFactory for persistence unit 'default'
2024-11-26 10:30:03.298 WARN  [restartedMain] o.s.b.a.o.j.JpaBaseConfiguration$JpaWebConfiguration - spring.jpa.open-in-view is enabled by default. Therefore, database queries may be performed during view rendering. Explicitly configure spring.jpa.open-in-view to disable this warning
2024-11-26 10:30:03.381 INFO  [restartedMain] o.s.b.d.a.OptionalLiveReloadServer - LiveReload server is running on port 35729
2024-11-26 10:30:03.388 INFO  [restartedMain] o.a.c.h.Http11NioProtocol - Starting ProtocolHandler ["http-nio-8080"]
2024-11-26 10:30:03.391 INFO  [restartedMain] o.s.b.w.e.t.TomcatWebServer - Tomcat started on port 8080 (http) with context path '/'
2024-11-26 10:30:03.396 INFO  [restartedMain] o.s.b.d.a.ConditionEvaluationDeltaLoggingListener - Condition evaluation unchanged
